[debug] [2023-07-08T19:06:32.732Z] ----------------------------------------------------------------------
[debug] [2023-07-08T19:06:32.734Z] Command:       /home/gitpod/.nvm/versions/node/v18.16.0/bin/node /home/gitpod/.nvm/versions/node/v18.16.0/bin/firebase init
[debug] [2023-07-08T19:06:32.734Z] CLI Version:   12.4.3
[debug] [2023-07-08T19:06:32.734Z] Platform:      linux
[debug] [2023-07-08T19:06:32.735Z] Node Version:  v18.16.0
[debug] [2023-07-08T19:06:32.735Z] Time:          Sat Jul 08 2023 19:06:32 GMT+0000 (GMT)
[debug] [2023-07-08T19:06:32.735Z] ----------------------------------------------------------------------
[debug] 
[debug] [2023-07-08T19:06:32.740Z] > command requires scopes: ["email","openid","https://www.googleapis.com/auth/cloudplatformprojects.readonly","https://www.googleapis.com/auth/firebase","https://www.googleapis.com/auth/cloud-platform"]
[debug] [2023-07-08T19:06:32.741Z] > authorizing via signed-in user (aritra753@gmail.com)
[info] 
     ######## #### ########  ######## ########     ###     ######  ########
     ##        ##  ##     ## ##       ##     ##  ##   ##  ##       ##
     ######    ##  ########  ######   ########  #########  ######  ######
     ##        ##  ##    ##  ##       ##     ## ##     ##       ## ##
     ##       #### ##     ## ######## ########  ##     ##  ######  ########

You're about to initialize a Firebase project in this directory:

  /home/gitpod/Photo-Gallery/photo-gallery-app

[info] 
=== Project Setup
[info] 
[info] First, let's associate this project directory with a Firebase project.
[info] You can create multiple project aliases by running firebase use --add, 
[info] but for now we'll just set up a default project.
[info] 
[info] i  If you want to create a project in a Google Cloud organization or folder, please use "firebase projects:create" instead, and return to this command when you've created the project. 
[debug] [2023-07-08T19:08:40.236Z] >>> [apiv2][query] POST https://cloudresourcemanager.googleapis.com/v1/projects [none]
[debug] [2023-07-08T19:08:40.237Z] >>> [apiv2][body] POST https://cloudresourcemanager.googleapis.com/v1/projects {"projectId":"PhotoGallery2023","name":"Knit-photo-gallery-app"}
[debug] [2023-07-08T19:08:40.465Z] <<< [apiv2][status] POST https://cloudresourcemanager.googleapis.com/v1/projects 400
[debug] [2023-07-08T19:08:40.465Z] <<< [apiv2][body] POST https://cloudresourcemanager.googleapis.com/v1/projects {"error":{"code":400,"message":"field [project_id] has issue [project_id contains invalid characters]","status":"INVALID_ARGUMENT","details":[{"@type":"type.googleapis.com/google.rpc.BadRequest","fieldViolations":[{"field":"project_id","description":"project_id contains invalid characters"}]},{"@type":"type.googleapis.com/google.rpc.Help","links":[{"url":"https://cloud.google.com/resource-manager/reference/rest/v1/projects"}]}]}}
[debug] [2023-07-08T19:08:40.484Z] FirebaseError: HTTP Error: 400, field [project_id] has issue [project_id contains invalid characters]
    at responseToError (/home/gitpod/.nvm/versions/node/v18.16.0/lib/node_modules/firebase-tools/lib/responseToError.js:49:12)
    at RetryOperation._fn (/home/gitpod/.nvm/versions/node/v18.16.0/lib/node_modules/firebase-tools/lib/apiv2.js:288:77)
    at process.processTicksAndRejections (node:internal/process/task_queues:95:5)
[error] 
[error] Error: Failed to create project. See firebase-debug.log for more info.
[debug] [2023-07-08T19:09:08.823Z] ----------------------------------------------------------------------
[debug] [2023-07-08T19:09:08.826Z] Command:       /home/gitpod/.nvm/versions/node/v18.16.0/bin/node /home/gitpod/.nvm/versions/node/v18.16.0/bin/firebase init
[debug] [2023-07-08T19:09:08.831Z] CLI Version:   12.4.3
[debug] [2023-07-08T19:09:08.831Z] Platform:      linux
[debug] [2023-07-08T19:09:08.832Z] Node Version:  v18.16.0
[debug] [2023-07-08T19:09:08.832Z] Time:          Sat Jul 08 2023 19:09:08 GMT+0000 (GMT)
[debug] [2023-07-08T19:09:08.833Z] ----------------------------------------------------------------------
[debug] 
[debug] [2023-07-08T19:09:08.839Z] > command requires scopes: ["email","openid","https://www.googleapis.com/auth/cloudplatformprojects.readonly","https://www.googleapis.com/auth/firebase","https://www.googleapis.com/auth/cloud-platform"]
[debug] [2023-07-08T19:09:08.840Z] > authorizing via signed-in user (aritra753@gmail.com)
[info] 
     ######## #### ########  ######## ########     ###     ######  ########
     ##        ##  ##     ## ##       ##     ##  ##   ##  ##       ##
     ######    ##  ########  ######   ########  #########  ######  ######
     ##        ##  ##    ##  ##       ##     ## ##     ##       ## ##
     ##       #### ##     ## ######## ########  ##     ##  ######  ########

You're about to initialize a Firebase project in this directory:

  /home/gitpod/Photo-Gallery/photo-gallery-app

[info] 
=== Project Setup
[info] 
[info] First, let's associate this project directory with a Firebase project.
[info] You can create multiple project aliases by running firebase use --add, 
[info] but for now we'll just set up a default project.
[info] 
[info] i  If you want to create a project in a Google Cloud organization or folder, please use "firebase projects:create" instead, and return to this command when you've created the project. 
[debug] [2023-07-08T19:10:07.034Z] >>> [apiv2][query] POST https://cloudresourcemanager.googleapis.com/v1/projects [none]
[debug] [2023-07-08T19:10:07.034Z] >>> [apiv2][body] POST https://cloudresourcemanager.googleapis.com/v1/projects {"projectId":"Knit-photo-gallery-app","name":"Knit-photo-gallery-app"}
[debug] [2023-07-08T19:10:07.263Z] <<< [apiv2][status] POST https://cloudresourcemanager.googleapis.com/v1/projects 400
[debug] [2023-07-08T19:10:07.263Z] <<< [apiv2][body] POST https://cloudresourcemanager.googleapis.com/v1/projects {"error":{"code":400,"message":"field [project_id] has issue [project_id contains invalid characters]","status":"INVALID_ARGUMENT","details":[{"@type":"type.googleapis.com/google.rpc.BadRequest","fieldViolations":[{"field":"project_id","description":"project_id contains invalid characters"}]},{"@type":"type.googleapis.com/google.rpc.Help","links":[{"url":"https://cloud.google.com/resource-manager/reference/rest/v1/projects"}]}]}}
[debug] [2023-07-08T19:10:07.283Z] FirebaseError: HTTP Error: 400, field [project_id] has issue [project_id contains invalid characters]
    at responseToError (/home/gitpod/.nvm/versions/node/v18.16.0/lib/node_modules/firebase-tools/lib/responseToError.js:49:12)
    at RetryOperation._fn (/home/gitpod/.nvm/versions/node/v18.16.0/lib/node_modules/firebase-tools/lib/apiv2.js:288:77)
    at process.processTicksAndRejections (node:internal/process/task_queues:95:5)
[error] 
[error] Error: Failed to create project. See firebase-debug.log for more info.
[debug] [2023-07-08T19:16:37.579Z] ----------------------------------------------------------------------
[debug] [2023-07-08T19:16:37.580Z] Command:       /home/gitpod/.nvm/versions/node/v18.16.0/bin/node /home/gitpod/.nvm/versions/node/v18.16.0/bin/firebase init
[debug] [2023-07-08T19:16:37.581Z] CLI Version:   12.4.3
[debug] [2023-07-08T19:16:37.581Z] Platform:      linux
[debug] [2023-07-08T19:16:37.581Z] Node Version:  v18.16.0
[debug] [2023-07-08T19:16:37.582Z] Time:          Sat Jul 08 2023 19:16:37 GMT+0000 (GMT)
[debug] [2023-07-08T19:16:37.582Z] ----------------------------------------------------------------------
[debug] 
[debug] [2023-07-08T19:16:37.586Z] > command requires scopes: ["email","openid","https://www.googleapis.com/auth/cloudplatformprojects.readonly","https://www.googleapis.com/auth/firebase","https://www.googleapis.com/auth/cloud-platform"]
[debug] [2023-07-08T19:16:37.587Z] > authorizing via signed-in user (aritra753@gmail.com)
[info] 
     ######## #### ########  ######## ########     ###     ######  ########
     ##        ##  ##     ## ##       ##     ##  ##   ##  ##       ##
     ######    ##  ########  ######   ########  #########  ######  ######
     ##        ##  ##    ##  ##       ##     ## ##     ##       ## ##
     ##       #### ##     ## ######## ########  ##     ##  ######  ########

You're about to initialize a Firebase project in this directory:

  /home/gitpod/Photo-Gallery/photo-gallery-app

[info] 
=== Project Setup
[info] 
[info] First, let's associate this project directory with a Firebase project.
[info] You can create multiple project aliases by running firebase use --add, 
[info] but for now we'll just set up a default project.
[info] 
[info] i  If you want to create a project in a Google Cloud organization or folder, please use "firebase projects:create" instead, and return to this command when you've created the project. 
[debug] [2023-07-08T19:17:19.147Z] >>> [apiv2][query] POST https://cloudresourcemanager.googleapis.com/v1/projects [none]
[debug] [2023-07-08T19:17:19.147Z] >>> [apiv2][body] POST https://cloudresourcemanager.googleapis.com/v1/projects {"projectId":"<Knit09>-photo-gallery-app","name":"Y"}
[debug] [2023-07-08T19:17:19.379Z] <<< [apiv2][status] POST https://cloudresourcemanager.googleapis.com/v1/projects 400
[debug] [2023-07-08T19:17:19.379Z] <<< [apiv2][body] POST https://cloudresourcemanager.googleapis.com/v1/projects {"error":{"code":400,"message":"Request contains an invalid argument.","status":"INVALID_ARGUMENT","details":[{"@type":"type.googleapis.com/google.rpc.BadRequest","fieldViolations":[{"field":"project_id","description":"project_id contains invalid characters"},{"field":"display_name","description":"project display name must be at least 4 characters"}]},{"@type":"type.googleapis.com/google.rpc.Help","links":[{"url":"https://cloud.google.com/resource-manager/reference/rest/v1/projects"}]}]}}
[debug] [2023-07-08T19:17:19.399Z] FirebaseError: HTTP Error: 400, Request contains an invalid argument.
    at responseToError (/home/gitpod/.nvm/versions/node/v18.16.0/lib/node_modules/firebase-tools/lib/responseToError.js:49:12)
    at RetryOperation._fn (/home/gitpod/.nvm/versions/node/v18.16.0/lib/node_modules/firebase-tools/lib/apiv2.js:288:77)
    at process.processTicksAndRejections (node:internal/process/task_queues:95:5)
[error] 
[error] Error: Failed to create project. See firebase-debug.log for more info.
